<?xml version="1.0" encoding="UTF-8"?>
<testng-results skipped="0" failed="0" total="1" passed="1">
  <reporter-output>
  </reporter-output>
  <suite name="Suite" duration-ms="9268" started-at="2019-03-14T01:16:52Z" finished-at="2019-03-14T01:17:01Z">
    <groups>
    </groups>
    <test name="Test" duration-ms="9268" started-at="2019-03-14T01:16:52Z" finished-at="2019-03-14T01:17:01Z">
      <class name="test.testbaidu">
        <test-method status="PASS" signature="test()[pri:0, instance:test.testbaidu@24273305]" name="test" duration-ms="9256" started-at="2019-03-14T09:16:52Z" finished-at="2019-03-14T09:17:01Z">
          <reporter-output>
          </reporter-output>
        </test-method> <!-- test -->
      </class> <!-- test.testbaidu -->
    </test> <!-- Test -->
  </suite> <!-- Suite -->
</testng-results>
